2026-06-30 11:58:28.204 | INFO     | app.main:startup:30 - Application Started
2026-06-30 11:58:38.313 | INFO     | app.middleware.logging_middleware:dispatch:8 - GET /simulator/status -> 200
2026-06-30 11:58:40.390 | INFO     | app.middleware.logging_middleware:dispatch:8 - GET /health -> 200
2026-06-30 11:58:42.444 | INFO     | app.middleware.logging_middleware:dispatch:8 - GET /incidents -> 200
2026-06-30 11:58:51.254 | INFO     | app.middleware.logging_middleware:dispatch:8 - GET /simulator/status -> 200
2026-06-30 11:58:55.322 | INFO     | app.middleware.logging_middleware:dispatch:8 - GET /weather -> 200
2026-06-30 11:58:57.380 | INFO     | app.middleware.logging_middleware:dispatch:8 - GET /health -> 200
2026-06-30 11:58:59.452 | INFO     | app.middleware.logging_middleware:dispatch:8 - GET /incidents -> 200
2026-06-30 11:59:04.874 | INFO     | app.middleware.logging_middleware:dispatch:8 - GET /simulator/status -> 200
2026-06-30 11:59:06.937 | INFO     | app.middleware.logging_middleware:dispatch:8 - GET /health -> 200
2026-06-30 11:59:08.985 | INFO     | app.middleware.logging_middleware:dispatch:8 - GET /incidents -> 200
2026-06-30 11:59:10.515 | INFO     | app.middleware.logging_middleware:dispatch:8 - GET /simulator/status -> 200
2026-06-30 11:59:12.595 | INFO     | app.middleware.logging_middleware:dispatch:8 - GET /weather -> 200
2026-06-30 11:59:14.668 | INFO     | app.middleware.logging_middleware:dispatch:8 - GET /health -> 200
2026-06-30 11:59:16.735 | INFO     | app.middleware.logging_middleware:dispatch:8 - GET /incidents -> 200
2026-06-30 11:59:23.613 | INFO     | app.middleware.logging_middleware:dispatch:8 - GET /simulator/status -> 200
2026-06-30 11:59:25.234 | INFO     | app.middleware.logging_middleware:dispatch:8 - GET /simulator/status -> 200
2026-06-30 11:59:27.300 | INFO     | app.middleware.logging_middleware:dispatch:8 - POST /simulator/api-down/true -> 200
2026-06-30 11:59:29.365 | INFO     | app.middleware.logging_middleware:dispatch:8 - GET /weather -> 200
2026-06-30 11:59:31.432 | INFO     | app.middleware.logging_middleware:dispatch:8 - GET /health -> 200
2026-06-30 11:59:33.497 | INFO     | app.middleware.logging_middleware:dispatch:8 - GET /incidents -> 200
2026-06-30 11:59:44.391 | INFO     | app.middleware.logging_middleware:dispatch:8 - GET /simulator/status -> 200
2026-06-30 11:59:46.077 | INFO     | app.middleware.logging_middleware:dispatch:8 - GET /simulator/status -> 200
2026-06-30 11:59:48.142 | INFO     | app.middleware.logging_middleware:dispatch:8 - POST /simulator/bad-payload/true -> 200
2026-06-30 11:59:49.779 | INFO     | app.middleware.logging_middleware:dispatch:8 - GET /simulator/status -> 200
2026-06-30 11:59:51.824 | INFO     | app.middleware.logging_middleware:dispatch:8 - POST /simulator/api-down/false -> 200
2026-06-30 11:59:53.873 | INFO     | app.middleware.logging_middleware:dispatch:8 - GET /health -> 200
2026-06-30 11:59:55.923 | INFO     | app.middleware.logging_middleware:dispatch:8 - GET /incidents -> 200
2026-06-30 12:00:00.327 | INFO     | app.middleware.logging_middleware:dispatch:8 - GET /simulator/status -> 200
2026-06-30 12:00:02.393 | INFO     | app.middleware.logging_middleware:dispatch:8 - GET /weather -> 200
2026-06-30 12:00:04.449 | INFO     | app.middleware.logging_middleware:dispatch:8 - GET /health -> 200
2026-06-30 12:00:06.518 | INFO     | app.middleware.logging_middleware:dispatch:8 - GET /incidents -> 200
2026-06-30 12:00:12.093 | INFO     | app.middleware.logging_middleware:dispatch:8 - GET /simulator/status -> 200
2026-06-30 12:00:13.675 | INFO     | app.middleware.logging_middleware:dispatch:8 - GET /simulator/status -> 200
2026-06-30 12:00:15.733 | INFO     | app.middleware.logging_middleware:dispatch:8 - POST /simulator/bad-payload/false -> 200
2026-06-30 12:00:17.788 | INFO     | app.middleware.logging_middleware:dispatch:8 - POST /simulator/slow-response/true -> 200
2026-06-30 12:00:19.845 | INFO     | app.middleware.logging_middleware:dispatch:8 - GET /health -> 200
2026-06-30 12:00:21.922 | INFO     | app.middleware.logging_middleware:dispatch:8 - GET /incidents -> 200
2026-06-30 12:00:26.062 | INFO     | app.middleware.logging_middleware:dispatch:8 - GET /simulator/status -> 200
2026-06-30 12:00:28.111 | INFO     | app.middleware.logging_middleware:dispatch:8 - GET /weather -> 200
2026-06-30 12:00:30.171 | INFO     | app.middleware.logging_middleware:dispatch:8 - GET /health -> 200
2026-06-30 12:00:32.235 | INFO     | app.middleware.logging_middleware:dispatch:8 - GET /incidents -> 200
2026-06-30 12:32:42.130 | INFO     | app.main:startup:30 - Application Started
2026-06-30 12:32:54.058 | INFO     | app.middleware.logging_middleware:dispatch:8 - GET /simulator/status -> 200
2026-06-30 12:32:56.110 | INFO     | app.middleware.logging_middleware:dispatch:8 - GET /health -> 200
2026-06-30 12:32:58.206 | INFO     | app.middleware.logging_middleware:dispatch:8 - GET /incidents -> 200
2026-06-30 12:33:56.798 | INFO     | app.middleware.logging_middleware:dispatch:8 - GET /simulator/status -> 200
2026-06-30 12:34:00.604 | INFO     | app.middleware.logging_middleware:dispatch:8 - GET /weather -> 200
2026-06-30 12:34:02.703 | INFO     | app.middleware.logging_middleware:dispatch:8 - GET /health -> 200
2026-06-30 12:34:04.768 | INFO     | app.middleware.logging_middleware:dispatch:8 - GET /incidents -> 200
2026-06-30 12:34:21.939 | INFO     | app.middleware.logging_middleware:dispatch:8 - GET /simulator/status -> 200
2026-06-30 12:34:24.006 | INFO     | app.middleware.logging_middleware:dispatch:8 - POST /simulator/api-down/true -> 200
2026-06-30 12:34:26.063 | INFO     | app.middleware.logging_middleware:dispatch:8 - GET /health -> 200
2026-06-30 12:34:28.126 | INFO     | app.middleware.logging_middleware:dispatch:8 - GET /incidents -> 200
2026-06-30 12:40:26.703 | INFO     | app.middleware.logging_middleware:dispatch:8 - GET /simulator/status -> 200
2026-06-30 12:40:28.751 | INFO     | app.middleware.logging_middleware:dispatch:8 - GET /health -> 200
2026-06-30 12:40:30.803 | INFO     | app.middleware.logging_middleware:dispatch:8 - GET /incidents -> 200
2026-06-30 14:23:04.046 | INFO     | app.main:startup:30 - Application Started
2026-06-30 14:23:16.746 | INFO     | app.middleware.logging_middleware:dispatch:8 - GET /simulator/status -> 200
2026-06-30 14:23:18.779 | INFO     | app.middleware.logging_middleware:dispatch:8 - GET /health -> 200
2026-06-30 14:23:20.841 | INFO     | app.middleware.logging_middleware:dispatch:8 - GET /incidents -> 200
2026-06-30 14:23:27.477 | INFO     | app.middleware.logging_middleware:dispatch:8 - GET /simulator/status -> 200
2026-06-30 14:23:31.233 | INFO     | app.middleware.logging_middleware:dispatch:8 - GET /weather -> 200
2026-06-30 14:23:33.305 | INFO     | app.middleware.logging_middleware:dispatch:8 - GET /health -> 200
2026-06-30 14:23:35.354 | INFO     | app.middleware.logging_middleware:dispatch:8 - GET /incidents -> 200
2026-06-30 14:23:41.289 | INFO     | app.middleware.logging_middleware:dispatch:8 - GET /simulator/status -> 200
2026-06-30 14:23:42.901 | INFO     | app.middleware.logging_middleware:dispatch:8 - GET /simulator/status -> 200
2026-06-30 14:23:44.981 | INFO     | app.middleware.logging_middleware:dispatch:8 - POST /simulator/api-down/true -> 200
2026-06-30 14:23:47.037 | INFO     | app.middleware.logging_middleware:dispatch:8 - GET /health -> 200
2026-06-30 14:23:49.088 | INFO     | app.middleware.logging_middleware:dispatch:8 - GET /incidents -> 200
2026-06-30 14:23:50.539 | INFO     | app.middleware.logging_middleware:dispatch:8 - GET /simulator/status -> 200
2026-06-30 14:23:52.605 | INFO     | app.middleware.logging_middleware:dispatch:8 - GET /weather -> 200
2026-06-30 14:23:54.677 | INFO     | app.middleware.logging_middleware:dispatch:8 - GET /health -> 200
2026-06-30 14:23:56.778 | INFO     | app.middleware.logging_middleware:dispatch:8 - GET /incidents -> 200
2026-06-30 14:24:02.044 | INFO     | app.middleware.logging_middleware:dispatch:8 - GET /simulator/status -> 200
2026-06-30 14:24:03.007 | INFO     | app.middleware.logging_middleware:dispatch:8 - GET /simulator/status -> 200
2026-06-30 14:24:05.071 | INFO     | app.middleware.logging_middleware:dispatch:8 - POST /simulator/api-down/false -> 200
2026-06-30 14:24:07.149 | INFO     | app.middleware.logging_middleware:dispatch:8 - POST /simulator/bad-payload/true -> 200
2026-06-30 14:24:09.198 | INFO     | app.middleware.logging_middleware:dispatch:8 - GET /health -> 200
2026-06-30 14:24:11.244 | INFO     | app.middleware.logging_middleware:dispatch:8 - GET /incidents -> 200
2026-06-30 14:24:14.821 | INFO     | app.middleware.logging_middleware:dispatch:8 - GET /simulator/status -> 200
2026-06-30 14:24:16.887 | INFO     | app.middleware.logging_middleware:dispatch:8 - GET /weather -> 200
2026-06-30 14:24:18.962 | INFO     | app.middleware.logging_middleware:dispatch:8 - GET /health -> 200
2026-06-30 14:24:21.031 | INFO     | app.middleware.logging_middleware:dispatch:8 - GET /incidents -> 200
2026-06-30 14:27:38.868 | INFO     | app.middleware.logging_middleware:dispatch:8 - GET /simulator/status -> 200
2026-06-30 14:27:40.901 | INFO     | app.middleware.logging_middleware:dispatch:8 - GET /health -> 200
2026-06-30 14:27:42.948 | INFO     | app.middleware.logging_middleware:dispatch:8 - GET /incidents -> 200
2026-06-30 14:27:55.809 | INFO     | app.middleware.logging_middleware:dispatch:8 - GET /simulator/status -> 200
2026-06-30 14:27:57.853 | INFO     | app.middleware.logging_middleware:dispatch:8 - GET /health -> 200
2026-06-30 14:27:59.920 | INFO     | app.middleware.logging_middleware:dispatch:8 - GET /incidents -> 200
2026-06-30 14:28:02.204 | INFO     | app.middleware.logging_middleware:dispatch:8 - GET /simulator/status -> 200
2026-06-30 14:28:04.260 | INFO     | app.middleware.logging_middleware:dispatch:8 - GET /health -> 200
2026-06-30 14:28:05.166 | INFO     | app.middleware.logging_middleware:dispatch:8 - GET /simulator/status -> 200
2026-06-30 14:28:06.999 | INFO     | app.middleware.logging_middleware:dispatch:8 - GET /simulator/status -> 200
2026-06-30 14:28:09.055 | INFO     | app.middleware.logging_middleware:dispatch:8 - POST /simulator/bad-payload/false -> 200
2026-06-30 14:28:12.126 | INFO     | app.middleware.logging_middleware:dispatch:8 - GET /weather -> 200
2026-06-30 14:28:14.200 | INFO     | app.middleware.logging_middleware:dispatch:8 - GET /health -> 200
2026-06-30 14:28:16.292 | INFO     | app.middleware.logging_middleware:dispatch:8 - GET /incidents -> 200
2026-06-30 14:49:09.274 | INFO     | app.middleware.logging_middleware:dispatch:8 - GET /simulator/status -> 200
2026-06-30 14:49:11.336 | INFO     | app.middleware.logging_middleware:dispatch:8 - GET /health -> 200
2026-06-30 14:49:13.405 | INFO     | app.middleware.logging_middleware:dispatch:8 - GET /incidents -> 200
2026-06-30 14:49:43.354 | INFO     | app.middleware.logging_middleware:dispatch:8 - GET /simulator/status -> 200
2026-06-30 14:49:46.461 | INFO     | app.middleware.logging_middleware:dispatch:8 - GET /weather -> 200
2026-06-30 14:49:48.618 | INFO     | app.middleware.logging_middleware:dispatch:8 - GET /health -> 200
2026-06-30 14:49:50.683 | INFO     | app.middleware.logging_middleware:dispatch:8 - GET /incidents -> 200
2026-06-30 14:55:35.611 | INFO     | app.main:startup:30 - Application Started
2026-06-30 14:55:45.100 | INFO     | app.middleware.logging_middleware:dispatch:8 - GET /simulator/status -> 200
2026-06-30 14:55:47.139 | INFO     | app.middleware.logging_middleware:dispatch:8 - GET /health -> 200
2026-06-30 14:55:48.148 | INFO     | app.middleware.logging_middleware:dispatch:8 - GET /simulator/status -> 200
2026-06-30 14:55:50.184 | INFO     | app.middleware.logging_middleware:dispatch:8 - GET /health -> 200
2026-06-30 14:55:52.248 | INFO     | app.middleware.logging_middleware:dispatch:8 - GET /incidents -> 200
2026-06-30 14:55:53.244 | INFO     | app.middleware.logging_middleware:dispatch:8 - GET /simulator/status -> 200
2026-06-30 14:55:55.296 | INFO     | app.middleware.logging_middleware:dispatch:8 - GET /health -> 200
2026-06-30 14:55:57.241 | INFO     | app.middleware.logging_middleware:dispatch:8 - GET /simulator/status -> 200
2026-06-30 14:56:02.030 | INFO     | app.middleware.logging_middleware:dispatch:8 - GET /weather -> 200
2026-06-30 14:56:04.136 | INFO     | app.middleware.logging_middleware:dispatch:8 - GET /health -> 200
2026-06-30 14:56:06.199 | INFO     | app.middleware.logging_middleware:dispatch:8 - GET /incidents -> 200
2026-06-30 14:58:54.630 | INFO     | app.main:startup:30 - Application Started
2026-06-30 18:30:24.613 | INFO     | app.main:startup:30 - Application Started
2026-06-30 18:30:32.135 | INFO     | app.middleware.logging_middleware:dispatch:8 - GET /simulator/status -> 200
2026-06-30 18:30:34.187 | INFO     | app.middleware.logging_middleware:dispatch:8 - GET /health -> 200
2026-06-30 18:30:36.212 | INFO     | app.middleware.logging_middleware:dispatch:8 - GET /simulator/status -> 200
2026-06-30 18:30:39.554 | INFO     | app.middleware.logging_middleware:dispatch:8 - GET /weather -> 200
2026-06-30 18:30:41.635 | INFO     | app.middleware.logging_middleware:dispatch:8 - GET /health -> 200
2026-06-30 18:30:43.693 | INFO     | app.middleware.logging_middleware:dispatch:8 - GET /incidents -> 200
2026-06-30 18:30:58.289 | INFO     | app.middleware.logging_middleware:dispatch:8 - GET /simulator/status -> 200
2026-06-30 18:31:00.356 | INFO     | app.middleware.logging_middleware:dispatch:8 - GET /health -> 200
2026-06-30 18:31:02.407 | INFO     | app.middleware.logging_middleware:dispatch:8 - GET /incidents -> 200
2026-06-30 18:31:11.887 | INFO     | app.middleware.logging_middleware:dispatch:8 - GET /simulator/status -> 200
2026-06-30 18:31:13.930 | INFO     | app.middleware.logging_middleware:dispatch:8 - GET /health -> 200
2026-06-30 18:31:16.000 | INFO     | app.middleware.logging_middleware:dispatch:8 - GET /incidents -> 200
2026-06-30 18:37:46.059 | INFO     | app.main:startup:30 - Application Started
2026-06-30 18:37:49.582 | INFO     | app.middleware.logging_middleware:dispatch:8 - GET /simulator/status -> 200
2026-06-30 18:37:51.386 | INFO     | app.middleware.logging_middleware:dispatch:8 - GET /simulator/status -> 200
2026-06-30 18:37:53.464 | INFO     | app.middleware.logging_middleware:dispatch:8 - GET /health -> 200
2026-06-30 18:37:55.542 | INFO     | app.middleware.logging_middleware:dispatch:8 - GET /incidents -> 200
2026-06-30 18:38:00.422 | INFO     | app.middleware.logging_middleware:dispatch:8 - GET /simulator/status -> 200
2026-06-30 18:38:02.479 | INFO     | app.middleware.logging_middleware:dispatch:8 - GET /health -> 200
2026-06-30 18:38:04.418 | INFO     | app.middleware.logging_middleware:dispatch:8 - GET /simulator/status -> 200
2026-06-30 18:38:16.733 | INFO     | app.middleware.logging_middleware:dispatch:8 - GET /weather -> 200
2026-06-30 18:38:18.811 | INFO     | app.middleware.logging_middleware:dispatch:8 - GET /health -> 200
2026-06-30 18:38:20.901 | INFO     | app.middleware.logging_middleware:dispatch:8 - GET /incidents -> 200
2026-06-30 18:40:56.491 | INFO     | app.main:startup:30 - Application Started
2026-06-30 18:41:02.114 | INFO     | app.middleware.logging_middleware:dispatch:8 - GET /simulator/status -> 200
2026-06-30 18:41:04.186 | INFO     | app.middleware.logging_middleware:dispatch:8 - GET /health -> 200
2026-06-30 18:41:06.258 | INFO     | app.middleware.logging_middleware:dispatch:8 - GET /incidents -> 200
2026-06-30 18:41:07.464 | INFO     | app.middleware.logging_middleware:dispatch:8 - GET /simulator/status -> 200
2026-06-30 18:41:09.501 | INFO     | app.middleware.logging_middleware:dispatch:8 - GET /health -> 200
2026-06-30 18:41:11.558 | INFO     | app.middleware.logging_middleware:dispatch:8 - GET /incidents -> 200
2026-06-30 18:41:18.165 | INFO     | app.middleware.logging_middleware:dispatch:8 - GET /simulator/status -> 200
2026-06-30 18:41:20.241 | INFO     | app.middleware.logging_middleware:dispatch:8 - GET /health -> 200
2026-06-30 18:41:22.329 | INFO     | app.middleware.logging_middleware:dispatch:8 - GET /incidents -> 200
2026-06-30 18:41:27.698 | INFO     | app.middleware.logging_middleware:dispatch:8 - GET /simulator/status -> 200
2026-06-30 18:41:37.626 | INFO     | app.middleware.logging_middleware:dispatch:8 - GET /weather -> 200
2026-06-30 18:41:39.700 | INFO     | app.middleware.logging_middleware:dispatch:8 - GET /health -> 200
2026-06-30 18:41:41.791 | INFO     | app.middleware.logging_middleware:dispatch:8 - GET /incidents -> 200
2026-06-30 18:52:15.479 | INFO     | app.main:startup:30 - Application Started
2026-06-30 18:52:20.075 | INFO     | app.middleware.logging_middleware:dispatch:8 - GET /simulator/status -> 200
2026-06-30 18:52:22.168 | INFO     | app.middleware.logging_middleware:dispatch:8 - GET /health -> 200
2026-06-30 18:52:24.275 | INFO     | app.middleware.logging_middleware:dispatch:8 - GET /incidents -> 200
2026-06-30 18:52:28.776 | INFO     | app.middleware.logging_middleware:dispatch:8 - GET /simulator/status -> 200
2026-06-30 18:52:30.844 | INFO     | app.middleware.logging_middleware:dispatch:8 - GET /health -> 200
2026-06-30 18:52:32.923 | INFO     | app.middleware.logging_middleware:dispatch:8 - GET /incidents -> 200
2026-06-30 18:52:37.261 | INFO     | app.middleware.logging_middleware:dispatch:8 - GET /simulator/status -> 200
2026-06-30 18:52:39.322 | INFO     | app.middleware.logging_middleware:dispatch:8 - GET /health -> 200
2026-06-30 18:52:41.442 | INFO     | app.middleware.logging_middleware:dispatch:8 - GET /incidents -> 200
2026-06-30 18:52:44.380 | INFO     | app.middleware.logging_middleware:dispatch:8 - GET /simulator/status -> 200
2026-06-30 18:52:54.992 | INFO     | app.middleware.logging_middleware:dispatch:8 - GET /weather -> 200
2026-06-30 18:52:57.104 | INFO     | app.middleware.logging_middleware:dispatch:8 - GET /health -> 200
2026-06-30 18:52:59.191 | INFO     | app.middleware.logging_middleware:dispatch:8 - GET /incidents -> 200
2026-06-30 18:53:02.417 | INFO     | app.middleware.logging_middleware:dispatch:8 - GET /simulator/status -> 200
2026-06-30 18:53:04.470 | INFO     | app.middleware.logging_middleware:dispatch:8 - GET /health -> 200
2026-06-30 18:53:06.542 | INFO     | app.middleware.logging_middleware:dispatch:8 - GET /simulator/status -> 200
2026-06-30 18:53:06.565 | INFO     | app.middleware.logging_middleware:dispatch:8 - GET /incidents -> 200
2026-06-30 18:53:08.596 | INFO     | app.middleware.logging_middleware:dispatch:8 - GET /weather -> 200
2026-06-30 18:53:10.641 | INFO     | app.middleware.logging_middleware:dispatch:8 - GET /health -> 200
2026-06-30 18:53:12.754 | INFO     | app.middleware.logging_middleware:dispatch:8 - GET /incidents -> 200
2026-06-30 19:03:09.305 | INFO     | app.middleware.logging_middleware:dispatch:8 - GET /simulator/status -> 200
2026-06-30 19:03:11.369 | INFO     | app.middleware.logging_middleware:dispatch:8 - GET /health -> 200
2026-06-30 19:03:13.443 | INFO     | app.middleware.logging_middleware:dispatch:8 - GET /incidents -> 200
2026-06-30 19:03:14.571 | INFO     | app.middleware.logging_middleware:dispatch:8 - GET /simulator/status -> 200
2026-06-30 19:03:25.676 | INFO     | app.middleware.logging_middleware:dispatch:8 - GET /weather -> 200
2026-06-30 19:03:27.745 | INFO     | app.middleware.logging_middleware:dispatch:8 - GET /health -> 200
2026-06-30 19:03:29.807 | INFO     | app.middleware.logging_middleware:dispatch:8 - GET /incidents -> 200
2026-06-30 19:06:31.408 | INFO     | app.main:startup:30 - Application Started
2026-06-30 19:06:36.039 | INFO     | app.middleware.logging_middleware:dispatch:8 - GET /simulator/status -> 200
2026-06-30 19:06:38.127 | INFO     | app.middleware.logging_middleware:dispatch:8 - GET /health -> 200
2026-06-30 19:06:39.077 | INFO     | app.middleware.logging_middleware:dispatch:8 - GET /simulator/status -> 200
2026-06-30 19:06:41.150 | INFO     | app.middleware.logging_middleware:dispatch:8 - GET /health -> 200
2026-06-30 19:06:41.431 | INFO     | app.middleware.logging_middleware:dispatch:8 - GET /simulator/status -> 200
2026-06-30 19:06:43.509 | INFO     | app.middleware.logging_middleware:dispatch:8 - GET /health -> 200
2026-06-30 19:06:45.587 | INFO     | app.middleware.logging_middleware:dispatch:8 - GET /incidents -> 200
2026-06-30 19:06:57.780 | INFO     | app.middleware.logging_middleware:dispatch:8 - GET /simulator/status -> 200
2026-06-30 19:07:11.798 | INFO     | app.middleware.logging_middleware:dispatch:8 - GET /weather -> 200
2026-06-30 19:07:13.855 | INFO     | app.middleware.logging_middleware:dispatch:8 - GET /health -> 200
2026-06-30 19:07:15.932 | INFO     | app.middleware.logging_middleware:dispatch:8 - GET /incidents -> 200
2026-06-30 19:22:01.988 | INFO     | app.main:startup:30 - Application Started
2026-06-30 19:22:09.236 | INFO     | app.middleware.logging_middleware:dispatch:8 - GET /simulator/status -> 200
2026-06-30 19:22:11.302 | INFO     | app.middleware.logging_middleware:dispatch:8 - GET /health -> 200
2026-06-30 19:22:13.074 | INFO     | app.middleware.logging_middleware:dispatch:8 - GET /simulator/status -> 200
2026-06-30 19:22:15.124 | INFO     | app.middleware.logging_middleware:dispatch:8 - GET /health -> 200
2026-06-30 19:22:17.212 | INFO     | app.middleware.logging_middleware:dispatch:8 - GET /incidents -> 200
2026-06-30 19:22:20.963 | INFO     | app.middleware.logging_middleware:dispatch:8 - GET /simulator/status -> 200
2026-06-30 19:22:23.025 | INFO     | app.middleware.logging_middleware:dispatch:8 - GET /health -> 200
2026-06-30 19:22:25.075 | INFO     | app.middleware.logging_middleware:dispatch:8 - GET /incidents -> 200
2026-06-30 19:22:26.041 | INFO     | app.middleware.logging_middleware:dispatch:8 - GET /simulator/status -> 200
2026-06-30 19:22:38.581 | INFO     | app.middleware.logging_middleware:dispatch:8 - GET /weather -> 200
2026-06-30 19:22:40.773 | INFO     | app.middleware.logging_middleware:dispatch:8 - GET /health -> 200
2026-06-30 19:22:42.860 | INFO     | app.middleware.logging_middleware:dispatch:8 - GET /incidents -> 200
2026-06-30 19:24:33.598 | INFO     | app.middleware.logging_middleware:dispatch:8 - GET /simulator/status -> 200
2026-06-30 19:24:35.657 | INFO     | app.middleware.logging_middleware:dispatch:8 - GET /health -> 200
2026-06-30 19:24:37.420 | INFO     | app.middleware.logging_middleware:dispatch:8 - GET /simulator/status -> 200
2026-06-30 19:24:39.484 | INFO     | app.middleware.logging_middleware:dispatch:8 - GET /health -> 200
2026-06-30 19:24:41.043 | INFO     | app.middleware.logging_middleware:dispatch:8 - GET /simulator/status -> 200
2026-06-30 19:24:43.107 | INFO     | app.middleware.logging_middleware:dispatch:8 - GET /health -> 200
2026-06-30 19:24:45.190 | INFO     | app.middleware.logging_middleware:dispatch:8 - GET /incidents -> 200
2026-06-30 19:24:48.938 | INFO     | app.middleware.logging_middleware:dispatch:8 - GET /simulator/status -> 200
2026-06-30 19:25:19.591 | INFO     | app.middleware.logging_middleware:dispatch:8 - GET /weather -> 200
2026-06-30 19:25:21.685 | INFO     | app.middleware.logging_middleware:dispatch:8 - GET /health -> 200
2026-06-30 19:25:23.791 | INFO     | app.middleware.logging_middleware:dispatch:8 - GET /incidents -> 200
2026-07-02 19:37:24.211 | INFO     | app.main:startup:34 - Application Started
2026-07-02 19:37:45.544 | INFO     | app.middleware.logging_middleware:dispatch:8 - GET /health -> 200
2026-07-02 19:37:47.607 | INFO     | app.middleware.logging_middleware:dispatch:8 - GET /metrics -> 200
2026-07-02 19:37:49.682 | INFO     | app.middleware.logging_middleware:dispatch:8 - GET /request-logs -> 200
2026-07-02 19:37:51.772 | INFO     | app.middleware.logging_middleware:dispatch:8 - GET /incidents -> 200
2026-07-02 19:38:32.005 | INFO     | app.middleware.logging_middleware:dispatch:8 - GET /weather -> 200
2026-07-02 19:38:34.054 | INFO     | app.middleware.logging_middleware:dispatch:8 - GET /health -> 200
2026-07-02 19:38:36.118 | INFO     | app.middleware.logging_middleware:dispatch:8 - GET /metrics -> 200
2026-07-02 19:38:38.194 | INFO     | app.middleware.logging_middleware:dispatch:8 - GET /request-logs -> 200
2026-07-02 19:38:40.244 | INFO     | app.middleware.logging_middleware:dispatch:8 - GET /incidents -> 200
2026-07-02 19:39:25.734 | INFO     | app.middleware.logging_middleware:dispatch:8 - GET /health -> 200
2026-07-02 19:39:27.802 | INFO     | app.middleware.logging_middleware:dispatch:8 - GET /metrics -> 200
2026-07-02 19:39:29.869 | INFO     | app.middleware.logging_middleware:dispatch:8 - GET /request-logs -> 200
2026-07-02 19:39:31.965 | INFO     | app.middleware.logging_middleware:dispatch:8 - GET /incidents -> 200
